Copyright 1986-2018 Xilinx, Inc. All Rights Reserved.
------------------------------------------------------------------------------------
| Tool Version : Vivado v.2018.2 (win64) Build 2258646 Thu Jun 14 20:03:12 MDT 2018
| Date         : Tue Oct  2 15:11:52 2018
| Host         : PC411-00 running 64-bit major release  (build 9200)
| Command      : upgrade_ip
| Device       : xc7k160tfbg484-2
------------------------------------------------------------------------------------

Upgrade Log for IP 'fractional_decimator'

1. Summary
----------

SUCCESS in the upgrade of fractional_decimator (xilinx.com:ip:fir_compiler:7.2) from (Rev. 10) to (Rev. 11)






Copyright 1986-2018 Xilinx, Inc. All Rights Reserved.
------------------------------------------------------------------------------------
| Tool Version : Vivado v.2018.2 (win64) Build 2258646 Thu Jun 14 20:03:12 MDT 2018
| Date         : Tue Oct  2 15:11:50 2018
| Host         : PC411-00 running 64-bit major release  (build 9200)
| Command      : upgrade_ip
| Device       : xc7k160tfbg484-2
------------------------------------------------------------------------------------

Upgrade Log for IP 'fifo_xlnx_64x36_2clk'

1. Summary
----------

SUCCESS in the upgrade of fifo_xlnx_64x36_2clk (xilinx.com:ip:fifo_generator:13.2) from (Rev. 1) to (Rev. 2)






Copyright 1986-2018 Xilinx, Inc. All Rights Reserved.
------------------------------------------------------------------------------------
| Tool Version : Vivado v.2018.2 (win64) Build 2258646 Thu Jun 14 20:03:12 MDT 2018
| Date         : Tue Oct  2 15:11:50 2018
| Host         : PC411-00 running 64-bit major release  (build 9200)
| Command      : upgrade_ip
| Device       : xc7k160tfbg484-2
------------------------------------------------------------------------------------

Upgrade Log for IP 'fifo_xlnx_512x36_2clk_prog_full'

1. Summary
----------

SUCCESS in the upgrade of fifo_xlnx_512x36_2clk_prog_full (xilinx.com:ip:fifo_generator:13.2) from (Rev. 1) to (Rev. 2)






Copyright 1986-2018 Xilinx, Inc. All Rights Reserved.
------------------------------------------------------------------------------------
| Tool Version : Vivado v.2018.2 (win64) Build 2258646 Thu Jun 14 20:03:12 MDT 2018
| Date         : Tue Oct  2 15:11:49 2018
| Host         : PC411-00 running 64-bit major release  (build 9200)
| Command      : upgrade_ip
| Device       : xc7k160tfbg484-2
------------------------------------------------------------------------------------

Upgrade Log for IP 'fifo_xlnx_512x36_2clk_36to18'

1. Summary
----------

SUCCESS in the upgrade of fifo_xlnx_512x36_2clk_36to18 (xilinx.com:ip:fifo_generator:13.2) from (Rev. 1) to (Rev. 2)






Copyright 1986-2018 Xilinx, Inc. All Rights Reserved.
------------------------------------------------------------------------------------
| Tool Version : Vivado v.2018.2 (win64) Build 2258646 Thu Jun 14 20:03:12 MDT 2018
| Date         : Tue Oct  2 15:11:48 2018
| Host         : PC411-00 running 64-bit major release  (build 9200)
| Command      : upgrade_ip
| Device       : xc7k160tfbg484-2
------------------------------------------------------------------------------------

Upgrade Log for IP 'fifo_xlnx_512x36_2clk_18to36'

1. Summary
----------

SUCCESS in the upgrade of fifo_xlnx_512x36_2clk_18to36 (xilinx.com:ip:fifo_generator:13.2) from (Rev. 1) to (Rev. 2)






Copyright 1986-2018 Xilinx, Inc. All Rights Reserved.
------------------------------------------------------------------------------------
| Tool Version : Vivado v.2018.2 (win64) Build 2258646 Thu Jun 14 20:03:12 MDT 2018
| Date         : Tue Oct  2 15:11:47 2018
| Host         : PC411-00 running 64-bit major release  (build 9200)
| Command      : upgrade_ip
| Device       : xc7k160tfbg484-2
------------------------------------------------------------------------------------

Upgrade Log for IP 'fifo_xlnx_512x36_2clk'

1. Summary
----------

SUCCESS in the upgrade of fifo_xlnx_512x36_2clk (xilinx.com:ip:fifo_generator:13.2) from (Rev. 1) to (Rev. 2)






Copyright 1986-2018 Xilinx, Inc. All Rights Reserved.
------------------------------------------------------------------------------------
| Tool Version : Vivado v.2018.2 (win64) Build 2258646 Thu Jun 14 20:03:12 MDT 2018
| Date         : Tue Oct  2 15:11:45 2018
| Host         : PC411-00 running 64-bit major release  (build 9200)
| Command      : upgrade_ip
| Device       : xc7k160tfbg484-2
------------------------------------------------------------------------------------

Upgrade Log for IP 'fifo_xlnx_32x36_2clk'

1. Summary
----------

SUCCESS in the upgrade of fifo_xlnx_32x36_2clk (xilinx.com:ip:fifo_generator:13.2) from (Rev. 1) to (Rev. 2)






Copyright 1986-2018 Xilinx, Inc. All Rights Reserved.
------------------------------------------------------------------------------------
| Tool Version : Vivado v.2018.2 (win64) Build 2258646 Thu Jun 14 20:03:12 MDT 2018
| Date         : Tue Oct  2 15:11:45 2018
| Host         : PC411-00 running 64-bit major release  (build 9200)
| Command      : upgrade_ip
| Device       : xc7k160tfbg484-2
------------------------------------------------------------------------------------

Upgrade Log for IP 'fifo_xlnx_2Kx36_2clk'

1. Summary
----------

SUCCESS in the upgrade of fifo_xlnx_2Kx36_2clk (xilinx.com:ip:fifo_generator:13.2) from (Rev. 1) to (Rev. 2)






Copyright 1986-2018 Xilinx, Inc. All Rights Reserved.
------------------------------------------------------------------------------------
| Tool Version : Vivado v.2018.2 (win64) Build 2258646 Thu Jun 14 20:03:12 MDT 2018
| Date         : Tue Oct  2 15:11:43 2018
| Host         : PC411-00 running 64-bit major release  (build 9200)
| Command      : upgrade_ip
| Device       : xc7k160tfbg484-2
------------------------------------------------------------------------------------

Upgrade Log for IP 'fifo_xlnx_16x40_2clk'

1. Summary
----------

SUCCESS in the upgrade of fifo_xlnx_16x40_2clk (xilinx.com:ip:fifo_generator:13.2) from (Rev. 1) to (Rev. 2)






Copyright 1986-2018 Xilinx, Inc. All Rights Reserved.
------------------------------------------------------------------------------------
| Tool Version : Vivado v.2018.2 (win64) Build 2258646 Thu Jun 14 20:03:12 MDT 2018
| Date         : Tue Oct  2 15:11:42 2018
| Host         : PC411-00 running 64-bit major release  (build 9200)
| Command      : upgrade_ip
| Device       : xc7k160tfbg484-2
------------------------------------------------------------------------------------

Upgrade Log for IP 'fifo_xlnx_16x19_2clk'

1. Summary
----------

SUCCESS in the upgrade of fifo_xlnx_16x19_2clk (xilinx.com:ip:fifo_generator:13.2) from (Rev. 1) to (Rev. 2)

