Copyright 1986-2021 Xilinx, Inc. All Rights Reserved.
------------------------------------------------------------------------------------
| Tool Version : Vivado v.2021.1 (win64) Build 3247384 Thu Jun 10 19:36:33 MDT 2021
| Date         : Wed Jan 19 22:08:38 2022
| Host         : PC411-00 running 64-bit major release  (build 9200)
| Command      : upgrade_project -migrate_output_products
| Project_Path : D:/GitHub/Kintex_FPGA/Kintex_FPGA_vivado.xpr
------------------------------------------------------------------------------------

Project Status Summary

1. Project IP Status
--------------------
This project contains 12 IP and 0 Block Designs.


1.1 Project IP Instances
+---------------------------------+-------------------------+-------------------------------------+-------------------------------------+
| Instance Name                   | Status                  | Reason                              | Recommendation                      |
+---------------------------------+-------------------------+-------------------------------------+-------------------------------------+
| fifo_xlnx_512x36_2clk_36to18    | Will be Migrated.       |                                     |                                     |
+---------------------------------+-------------------------+-------------------------------------+-------------------------------------+
| fifo_xlnx_64x36_2clk            | Will be Migrated.       |                                     |                                     |
+---------------------------------+-------------------------+-------------------------------------+-------------------------------------+
| fifo_xlnx_16x19_2clk            | Will be Migrated.       |                                     |                                     |
+---------------------------------+-------------------------+-------------------------------------+-------------------------------------+
| fifo_xlnx_32x36_2clk            | Will be Migrated.       |                                     |                                     |
+---------------------------------+-------------------------+-------------------------------------+-------------------------------------+
| fractional_decimator            | Will be Migrated.       |                                     |                                     |
+---------------------------------+-------------------------+-------------------------------------+-------------------------------------+
| fifo_xlnx_16x40_2clk            | Will be Migrated.       |                                     |                                     |
+---------------------------------+-------------------------+-------------------------------------+-------------------------------------+
| fifo_xlnx_2Kx36_2clk            | Will be Migrated.       |                                     |                                     |
+---------------------------------+-------------------------+-------------------------------------+-------------------------------------+
| fifo_xlnx_512x36_2clk_18to36    | Will be Migrated.       |                                     |                                     |
+---------------------------------+-------------------------+-------------------------------------+-------------------------------------+
| fifo_xlnx_512x36_2clk_prog_full | Will be Migrated.       |                                     |                                     |
+---------------------------------+-------------------------+-------------------------------------+-------------------------------------+
| fifo_xlnx_512x36_2clk           | Will be Migrated.       |                                     |                                     |
+---------------------------------+-------------------------+-------------------------------------+-------------------------------------+
| fractional_interpolator         | Will be Migrated.       |                                     |                                     |
+---------------------------------+-------------------------+-------------------------------------+-------------------------------------+
| RAM                             | Will be Migrated.       |                                     |                                     |
+---------------------------------+-------------------------+-------------------------------------+-------------------------------------+



